14:26:06 INFO     ============================================================
14:26:06 INFO     Dengue Updater  run_id=20260331_142606
14:26:06 INFO     ============================================================
14:26:06 INFO     update_monthly | monthly_data.csv not found — starting fresh
14:26:06 INFO     update_yearly | yearly_data.csv not found — starting fresh
14:26:06 INFO     --- OpenDengue fetch ---
14:26:06 INFO     fetch_open_dengue | Downloaded 29873 rows from ZIP https://raw.githubusercontent.com/OpenDengue/master-repo/main/data/releases/V1.3/National_extract_V1_3.zip (file: National_extract_V1_3.csv)
14:26:06 INFO     fetch_open_dengue | S_res filter: 35 → 35 rows
14:26:06 INFO     fetch_open_dengue | Excluding 1 non-Year T_res rows (partial-year monthly data, years: ['2025'])
14:26:06 INFO     fetch_open_dengue | Raw CSV saved to /Users/cathiesmac/Downloads/Nowcast Dengue in India/dengue_updater/data/raw/open_dengue/national_yearly_v1_3_20260331_142606.csv
14:26:06 INFO     fetch_open_dengue | Missing years (will remain null): 2025, 2026
14:26:06 INFO     fetch_open_dengue | Fetched 4 yearly India rows (years: 2021 → 2024), source: https://raw.githubusercontent.com/OpenDengue/master-repo/main/data/releases/V1.3/National_extract_V1_3.zip
14:26:06 INFO     update_yearly | open_dengue_national_yearly: +4 new, ~0 updated
14:26:06 INFO     OpenDengue: SUCCESS (4 rows fetched, +4 new, ~0 updated) in 0.2s
14:26:06 INFO     update_monthly | Saved 0 rows to /Users/cathiesmac/Downloads/Nowcast Dengue in India/dengue_updater/data/processed/monthly_data.csv
14:26:06 INFO     update_yearly | Saved 4 rows to /Users/cathiesmac/Downloads/Nowcast Dengue in India/dengue_updater/data/processed/yearly_data.csv
14:26:07 INFO     export_outputs | Wrote /Users/cathiesmac/Downloads/Nowcast Dengue in India/dengue_updater/data/processed/master_data.xlsx  (monthly: 0 rows, yearly: 4 rows)
14:26:07 INFO     Log entries appended to /Users/cathiesmac/Downloads/Nowcast Dengue in India/dengue_updater/logs/update_log.csv
14:26:07 INFO     Run summary written to /Users/cathiesmac/Downloads/Nowcast Dengue in India/dengue_updater/logs/run_summary_20260331_142606.json
14:26:07 INFO     ============================================================
14:26:07 INFO     Overall status: SUCCESS
14:26:07 INFO     ============================================================
