14:27:15 INFO     ============================================================
14:27:15 INFO     Dengue Updater  run_id=20260331_142715
14:27:15 INFO     ============================================================
14:27:15 INFO     update_monthly | Loaded 0 rows from /Users/cathiesmac/Downloads/Nowcast Dengue in India/dengue_updater/data/processed/monthly_data.csv
14:27:16 INFO     update_yearly | Loaded 4 rows from /Users/cathiesmac/Downloads/Nowcast Dengue in India/dengue_updater/data/processed/yearly_data.csv
14:27:16 INFO     --- WHO fetch ---
14:27:16 INFO     fetch_who | Trying Shiny WebSocket download layer
14:27:16 INFO     fetch_who | Fetching dashboard HTML to discover worker ID
14:27:16 INFO     fetch_who | Found worker prefix: _w_541b3a7a394e4de8a563b177ae51733a
14:27:16 INFO     fetch_who | Connecting WebSocket: wss://worldhealthorg.shinyapps.io/dengue_global/_w_541b3a7a394e4de8a563b177ae51733a/websocket/
14:27:16 INFO     fetch_who | Got sessionId: ecf0b57bd0e27d7cf908c1d53e69e055
14:27:16 INFO     fetch_who | Sent init message, waiting for download URL...
14:27:17 INFO     fetch_who | Got download path: session/ecf0b57bd0e27d7cf908c1d53e69e055/download/dl_all_data?w=541b3a7a394e4de8a563b177ae51733a
14:27:17 INFO     fetch_who | Accepting terms modal (closeModal)...
14:27:21 INFO     fetch_who | Navigating to download tab...
14:27:29 INFO     fetch_who | Downloading Excel: https://worldhealthorg.shinyapps.io/dengue_global/session/ecf0b57bd0e27d7cf908c1d53e69e055/download/dl_all_data?w=541b3a7a394e4de8a563b177ae51733a
14:27:30 INFO     fetch_who | Download response: status=200, content-type=application/vnd.openxmlformats-officedocument.spreadsheetml.sheet, size=738867 bytes
14:27:30 INFO     fetch_who | Extracted 26 India monthly rows (date range: 2024-01 → 2026-02)
14:27:30 INFO     fetch_who | Raw response saved to /Users/cathiesmac/Downloads/Nowcast Dengue in India/dengue_updater/data/raw/who/who_shiny_20260331_142730.xlsx
14:27:30 INFO     fetch_who | Shiny layer succeeded: 26 rows
14:27:30 INFO     update_monthly | who_cases_monthly: +26 new, ~0 updated
14:27:30 INFO     WHO: SUCCESS (26 rows fetched, +26 new, ~0 updated) in 14.6s
14:27:30 INFO     --- Google Trends fetch ---
14:27:31 INFO     fetch_google_trends | 'dengue fever': Dropped 1 isPartial rows
14:27:31 INFO     fetch_google_trends | 'dengue fever': Fetched 62 rows (attempt 1)
14:27:31 INFO     fetch_google_trends | 'dengue fever': 62 rows saved to /Users/cathiesmac/Downloads/Nowcast Dengue in India/dengue_updater/data/raw/google_trends/dengue_fever_20260331_142731.csv
14:27:32 INFO     fetch_google_trends | 'dengue vaccine': Dropped 1 isPartial rows
14:27:32 INFO     fetch_google_trends | 'dengue vaccine': Fetched 62 rows (attempt 1)
14:27:32 INFO     fetch_google_trends | 'dengue vaccine': 62 rows saved to /Users/cathiesmac/Downloads/Nowcast Dengue in India/dengue_updater/data/raw/google_trends/dengue_vaccine_20260331_142732.csv
14:27:34 INFO     update_monthly | google_trends_dengue_fever: +62 new, ~0 updated
14:27:34 INFO     Google Trends 'dengue_fever': SUCCESS (62 rows)
14:27:34 INFO     update_monthly | google_trends_dengue_vaccine: +62 new, ~0 updated
14:27:34 INFO     Google Trends 'dengue_vaccine': SUCCESS (62 rows)
14:27:34 INFO     Google Trends total time: 4.2s
14:27:34 INFO     --- OpenDengue fetch ---
14:27:35 INFO     fetch_open_dengue | Downloaded 29873 rows from ZIP https://raw.githubusercontent.com/OpenDengue/master-repo/main/data/releases/V1.3/National_extract_V1_3.zip (file: National_extract_V1_3.csv)
14:27:35 INFO     fetch_open_dengue | S_res filter: 35 → 35 rows
14:27:35 INFO     fetch_open_dengue | Excluding 1 non-Year T_res rows (partial-year monthly data, years: ['2025'])
14:27:35 INFO     fetch_open_dengue | Raw CSV saved to /Users/cathiesmac/Downloads/Nowcast Dengue in India/dengue_updater/data/raw/open_dengue/national_yearly_v1_3_20260331_142735.csv
14:27:35 INFO     fetch_open_dengue | Missing years (will remain null): 2025, 2026
14:27:35 INFO     fetch_open_dengue | Fetched 4 yearly India rows (years: 2021 → 2024), source: https://raw.githubusercontent.com/OpenDengue/master-repo/main/data/releases/V1.3/National_extract_V1_3.zip
14:27:35 INFO     update_yearly | open_dengue_national_yearly: +0 new, ~4 updated
14:27:35 INFO     OpenDengue: SUCCESS (4 rows fetched, +0 new, ~4 updated) in 0.2s
14:27:35 INFO     --- Wikipedia fetch ---
14:27:35 INFO     verify_titles | dengue / hi (डेंगू_बुख़ार): HTTP 400
14:27:35 WARNING  verify_titles | INVALID title — topic=dengue lang=hi title='डेंगू_बुख़ार' → HTTP 400
14:27:35 INFO     verify_titles | dengue / kn (ಡೆಂಗೇ): HTTP 400
14:27:35 WARNING  verify_titles | INVALID title — topic=dengue lang=kn title='ಡೆಂಗೇ' → HTTP 400
14:27:36 INFO     verify_titles | dengue / ml (ഡെങ്കിപ്പനി): HTTP 400
14:27:36 WARNING  verify_titles | INVALID title — topic=dengue lang=ml title='ഡെങ്കിപ്പനി' → HTTP 400
14:27:37 INFO     verify_titles | dengue / mr (डेंग्यू_ताप): HTTP 400
14:27:37 WARNING  verify_titles | INVALID title — topic=dengue lang=mr title='डेंग्यू_ताप' → HTTP 400
14:27:37 INFO     verify_titles | dengue / ta (முடக்குக்_காய்ச்சல்): HTTP 400
14:27:37 WARNING  verify_titles | INVALID title — topic=dengue lang=ta title='முடக்குக்_காய்ச்சல்' → HTTP 400
14:27:38 INFO     verify_titles | dengue / te (డెంగ్యూ_జ్వరం): HTTP 400
14:27:38 WARNING  verify_titles | INVALID title — topic=dengue lang=te title='డెంగ్యూ_జ్వరం' → HTTP 400
14:27:38 INFO     verify_titles | dengue / bn (ডেঙ্গু_জ্বর): HTTP 400
14:27:38 WARNING  verify_titles | INVALID title — topic=dengue lang=bn title='ডেঙ্গু_জ্বর' → HTTP 400
14:27:39 INFO     verify_titles | mosquito / hi (मच्छर): HTTP 400
14:27:39 WARNING  verify_titles | INVALID title — topic=mosquito lang=hi title='मच्छर' → HTTP 400
14:27:40 INFO     verify_titles | mosquito / ta (கொசு): HTTP 400
14:27:40 WARNING  verify_titles | INVALID title — topic=mosquito lang=ta title='கொசு' → HTTP 400
14:27:40 INFO     verify_titles | mosquito / mr (डास): HTTP 400
14:27:40 WARNING  verify_titles | INVALID title — topic=mosquito lang=mr title='डास' → HTTP 400
14:27:41 INFO     verify_titles | mosquito / ml (കൊതുക്): HTTP 400
14:27:41 WARNING  verify_titles | INVALID title — topic=mosquito lang=ml title='കൊതുക്' → HTTP 400
14:27:41 INFO     verify_titles | mosquito / kn (ಸೊಳ್ಳೆ): HTTP 400
14:27:41 WARNING  verify_titles | INVALID title — topic=mosquito lang=kn title='ಸೊಳ್ಳೆ' → HTTP 400
14:27:42 ERROR    fetch_wikipedia | topic=dengue: ALL 7 language titles failed validation. Existing stored values will be preserved.
14:27:42 ERROR    fetch_wikipedia | topic=mosquito: ALL 5 language titles failed validation. Existing stored values will be preserved.
14:27:42 WARNING  Wikipedia dengue: FAILED — existing values preserved
14:27:42 WARNING  Wikipedia mosquito: FAILED — existing values preserved
14:27:42 INFO     Wikipedia total time: 7.3s
14:27:42 INFO     update_monthly | Saved 62 rows to /Users/cathiesmac/Downloads/Nowcast Dengue in India/dengue_updater/data/processed/monthly_data.csv
14:27:42 INFO     update_yearly | Saved 4 rows to /Users/cathiesmac/Downloads/Nowcast Dengue in India/dengue_updater/data/processed/yearly_data.csv
14:27:42 INFO     export_outputs | Wrote /Users/cathiesmac/Downloads/Nowcast Dengue in India/dengue_updater/data/processed/master_data.xlsx  (monthly: 62 rows, yearly: 4 rows)
14:27:42 INFO     Log entries appended to /Users/cathiesmac/Downloads/Nowcast Dengue in India/dengue_updater/logs/update_log.csv
14:27:42 INFO     Run summary written to /Users/cathiesmac/Downloads/Nowcast Dengue in India/dengue_updater/logs/run_summary_20260331_142715.json
14:27:42 INFO     ============================================================
14:27:42 INFO     Overall status: PARTIAL
14:27:42 INFO     ============================================================
