14:33:28 INFO     ============================================================
14:33:28 INFO     Dengue Updater  run_id=20260331_143328
14:33:28 INFO     ============================================================
14:33:28 INFO     update_monthly | Loaded 62 rows from /Users/cathiesmac/Downloads/Nowcast Dengue in India/dengue_updater/data/processed/monthly_data.csv
14:33:28 INFO     update_yearly | Loaded 4 rows from /Users/cathiesmac/Downloads/Nowcast Dengue in India/dengue_updater/data/processed/yearly_data.csv
14:33:28 INFO     --- WHO fetch ---
14:33:28 INFO     fetch_who | Trying Shiny WebSocket download layer
14:33:28 INFO     fetch_who | Fetching dashboard HTML to discover worker ID
14:33:33 INFO     fetch_who | Found worker prefix: _w_8c10fdc1fe3d4aa0a9d425c3d66b0aa9
14:33:33 INFO     fetch_who | Connecting WebSocket: wss://worldhealthorg.shinyapps.io/dengue_global/_w_8c10fdc1fe3d4aa0a9d425c3d66b0aa9/websocket/
14:33:33 INFO     fetch_who | Got sessionId: dc5ebd3c0604e69573a708ef0cee855f
14:33:33 INFO     fetch_who | Sent init message, waiting for download URL...
14:33:35 INFO     fetch_who | Got download path: session/dc5ebd3c0604e69573a708ef0cee855f/download/dl_all_data?w=8c10fdc1fe3d4aa0a9d425c3d66b0aa9
14:33:35 INFO     fetch_who | Accepting terms modal (closeModal)...
14:33:39 INFO     fetch_who | Navigating to download tab...
14:33:47 INFO     fetch_who | Downloading Excel: https://worldhealthorg.shinyapps.io/dengue_global/session/dc5ebd3c0604e69573a708ef0cee855f/download/dl_all_data?w=8c10fdc1fe3d4aa0a9d425c3d66b0aa9
14:33:48 INFO     fetch_who | Download response: status=200, content-type=application/vnd.openxmlformats-officedocument.spreadsheetml.sheet, size=738867 bytes
14:33:48 INFO     fetch_who | Extracted 26 India monthly rows (date range: 2024-01 → 2026-02)
14:33:48 INFO     fetch_who | Raw response saved to /Users/cathiesmac/Downloads/Nowcast Dengue in India/dengue_updater/data/raw/who/who_shiny_20260331_143348.xlsx
14:33:48 INFO     fetch_who | Shiny layer succeeded: 26 rows
14:33:48 INFO     update_monthly | who_cases_monthly: +0 new, ~26 updated
14:33:48 INFO     WHO: SUCCESS (26 rows fetched, +0 new, ~26 updated) in 20.5s
14:33:48 INFO     --- Google Trends fetch ---
14:33:49 INFO     fetch_google_trends | 'dengue fever': Dropped 1 isPartial rows
14:33:49 INFO     fetch_google_trends | 'dengue fever': Fetched 62 rows (attempt 1)
14:33:49 INFO     fetch_google_trends | 'dengue fever': 62 rows saved to /Users/cathiesmac/Downloads/Nowcast Dengue in India/dengue_updater/data/raw/google_trends/dengue_fever_20260331_143349.csv
14:33:51 INFO     fetch_google_trends | 'dengue vaccine': Dropped 1 isPartial rows
14:33:51 INFO     fetch_google_trends | 'dengue vaccine': Fetched 62 rows (attempt 1)
14:33:51 INFO     fetch_google_trends | 'dengue vaccine': 62 rows saved to /Users/cathiesmac/Downloads/Nowcast Dengue in India/dengue_updater/data/raw/google_trends/dengue_vaccine_20260331_143351.csv
14:33:54 INFO     update_monthly | google_trends_dengue_fever: +0 new, ~62 updated
14:33:54 INFO     Google Trends 'dengue_fever': SUCCESS (62 rows)
14:33:54 INFO     update_monthly | google_trends_dengue_vaccine: +0 new, ~62 updated
14:33:54 INFO     Google Trends 'dengue_vaccine': SUCCESS (62 rows)
14:33:54 INFO     Google Trends total time: 6.0s
14:33:54 INFO     --- OpenDengue fetch ---
14:33:54 INFO     fetch_open_dengue | Downloaded 29873 rows from ZIP https://raw.githubusercontent.com/OpenDengue/master-repo/main/data/releases/V1.3/National_extract_V1_3.zip (file: National_extract_V1_3.csv)
14:33:54 INFO     fetch_open_dengue | S_res filter: 35 → 35 rows
14:33:54 INFO     fetch_open_dengue | Excluding 1 non-Year T_res rows (partial-year monthly data, years: ['2025'])
14:33:55 INFO     fetch_open_dengue | Raw CSV saved to /Users/cathiesmac/Downloads/Nowcast Dengue in India/dengue_updater/data/raw/open_dengue/national_yearly_v1_3_20260331_143354.csv
14:33:55 INFO     fetch_open_dengue | Missing years (will remain null): 2025, 2026
14:33:55 INFO     fetch_open_dengue | Fetched 4 yearly India rows (years: 2021 → 2024), source: https://raw.githubusercontent.com/OpenDengue/master-repo/main/data/releases/V1.3/National_extract_V1_3.zip
14:33:55 INFO     update_yearly | open_dengue_national_yearly: +0 new, ~4 updated
14:33:55 INFO     OpenDengue: SUCCESS (4 rows fetched, +0 new, ~4 updated) in 0.2s
14:33:55 INFO     --- Wikipedia fetch ---
14:33:55 INFO     verify_titles | dengue / hi (डेंगू_बुख़ार): OK
14:33:55 INFO     verify_titles | dengue / kn (ಡೆಂಗೇ): OK
14:33:56 INFO     verify_titles | dengue / ml (ഡെങ്കിപ്പനി): OK
14:33:56 INFO     verify_titles | dengue / mr (डेंग्यू_ताप): OK
14:33:57 INFO     verify_titles | dengue / ta (முடக்குக்_காய்ச்சல்): HTTP 404
14:33:57 WARNING  verify_titles | INVALID title — topic=dengue lang=ta title='முடக்குக்_காய்ச்சல்' → HTTP 404
14:33:58 INFO     verify_titles | dengue / te (డెంగ్యూ_జ్వరం): OK
14:33:58 INFO     verify_titles | dengue / bn (ডেঙ্গু_জ্বর): OK
14:33:59 INFO     verify_titles | mosquito / hi (मच्छर): OK
14:34:00 INFO     verify_titles | mosquito / ta (கொசு): OK
14:34:00 INFO     verify_titles | mosquito / mr (डास): OK
14:34:01 INFO     verify_titles | mosquito / ml (കൊതുക്): OK
14:34:01 INFO     verify_titles | mosquito / kn (ಸೊಳ್ಳೆ): OK
14:34:02 INFO     fetch_wikipedia | topic=dengue lang=hi: Fetching 'डेंगू_बुख़ार'
14:34:02 INFO     fetch_wikipedia | topic=dengue lang=hi: 63 rows saved to /Users/cathiesmac/Downloads/Nowcast Dengue in India/dengue_updater/data/interim/wiki_dengue_hi_20260331_143402.csv
14:34:03 INFO     fetch_wikipedia | topic=dengue lang=kn: Fetching 'ಡೆಂಗೇ'
14:34:03 INFO     fetch_wikipedia | topic=dengue lang=kn: 63 rows saved to /Users/cathiesmac/Downloads/Nowcast Dengue in India/dengue_updater/data/interim/wiki_dengue_kn_20260331_143403.csv
14:34:03 INFO     fetch_wikipedia | topic=dengue lang=ml: Fetching 'ഡെങ്കിപ്പനി'
14:34:04 INFO     fetch_wikipedia | topic=dengue lang=ml: 63 rows saved to /Users/cathiesmac/Downloads/Nowcast Dengue in India/dengue_updater/data/interim/wiki_dengue_ml_20260331_143404.csv
14:34:04 INFO     fetch_wikipedia | topic=dengue lang=mr: Fetching 'डेंग्यू_ताप'
14:34:04 INFO     fetch_wikipedia | topic=dengue lang=mr: 63 rows saved to /Users/cathiesmac/Downloads/Nowcast Dengue in India/dengue_updater/data/interim/wiki_dengue_mr_20260331_143404.csv
14:34:05 INFO     fetch_wikipedia | topic=dengue lang=te: Fetching 'డెంగ్యూ_జ్వరం'
14:34:05 INFO     fetch_wikipedia | topic=dengue lang=te: 63 rows saved to /Users/cathiesmac/Downloads/Nowcast Dengue in India/dengue_updater/data/interim/wiki_dengue_te_20260331_143405.csv
14:34:05 INFO     fetch_wikipedia | topic=dengue lang=bn: Fetching 'ডেঙ্গু_জ্বর'
14:34:06 INFO     fetch_wikipedia | topic=dengue lang=bn: 63 rows saved to /Users/cathiesmac/Downloads/Nowcast Dengue in India/dengue_updater/data/interim/wiki_dengue_bn_20260331_143406.csv
14:34:06 WARNING  fetch_wikipedia | topic=dengue: Only 6/7 languages succeeded. Aggregate will be understated. Failed: ['ta']
14:34:06 INFO     fetch_wikipedia | topic=dengue: 63 rows aggregated from 6/7 languages
14:34:06 INFO     fetch_wikipedia | topic=mosquito lang=hi: Fetching 'मच्छर'
14:34:06 INFO     fetch_wikipedia | topic=mosquito lang=hi: 63 rows saved to /Users/cathiesmac/Downloads/Nowcast Dengue in India/dengue_updater/data/interim/wiki_mosquito_hi_20260331_143406.csv
14:34:07 INFO     fetch_wikipedia | topic=mosquito lang=ta: Fetching 'கொசு'
14:34:07 INFO     fetch_wikipedia | topic=mosquito lang=ta: 63 rows saved to /Users/cathiesmac/Downloads/Nowcast Dengue in India/dengue_updater/data/interim/wiki_mosquito_ta_20260331_143407.csv
14:34:08 INFO     fetch_wikipedia | topic=mosquito lang=mr: Fetching 'डास'
14:34:08 INFO     fetch_wikipedia | topic=mosquito lang=mr: 63 rows saved to /Users/cathiesmac/Downloads/Nowcast Dengue in India/dengue_updater/data/interim/wiki_mosquito_mr_20260331_143408.csv
14:34:08 INFO     fetch_wikipedia | topic=mosquito lang=ml: Fetching 'കൊതുക്'
14:34:08 INFO     fetch_wikipedia | topic=mosquito lang=ml: 63 rows saved to /Users/cathiesmac/Downloads/Nowcast Dengue in India/dengue_updater/data/interim/wiki_mosquito_ml_20260331_143408.csv
14:34:09 INFO     fetch_wikipedia | topic=mosquito lang=kn: Fetching 'ಸೊಳ್ಳೆ'
14:34:09 INFO     fetch_wikipedia | topic=mosquito lang=kn: 63 rows saved to /Users/cathiesmac/Downloads/Nowcast Dengue in India/dengue_updater/data/interim/wiki_mosquito_kn_20260331_143409.csv
14:34:10 INFO     fetch_wikipedia | topic=mosquito: 63 rows aggregated from 5/5 languages
14:34:10 INFO     update_monthly | wikipedia_total_dengue_views: +63 new, ~0 updated
14:34:10 INFO     Wikipedia dengue: PARTIAL (6/7 languages, 63 rows)
14:34:10 INFO     update_monthly | wikipedia_mosquito_views_total: +63 new, ~0 updated
14:34:10 INFO     Wikipedia mosquito: SUCCESS (5/5 languages, 63 rows)
14:34:10 INFO     Wikipedia total time: 15.2s
14:34:10 INFO     update_monthly | Saved 63 rows to /Users/cathiesmac/Downloads/Nowcast Dengue in India/dengue_updater/data/processed/monthly_data.csv
14:34:10 INFO     update_yearly | Saved 4 rows to /Users/cathiesmac/Downloads/Nowcast Dengue in India/dengue_updater/data/processed/yearly_data.csv
14:34:10 INFO     export_outputs | Wrote /Users/cathiesmac/Downloads/Nowcast Dengue in India/dengue_updater/data/processed/master_data.xlsx  (monthly: 63 rows, yearly: 4 rows)
14:34:10 INFO     Log entries appended to /Users/cathiesmac/Downloads/Nowcast Dengue in India/dengue_updater/logs/update_log.csv
14:34:10 INFO     Run summary written to /Users/cathiesmac/Downloads/Nowcast Dengue in India/dengue_updater/logs/run_summary_20260331_143328.json
14:34:10 INFO     ============================================================
14:34:10 INFO     Overall status: PARTIAL
14:34:10 INFO     ============================================================
